2025/05/20 12:08:37 [emerg] 1#1: "upstream" directive is not allowed here in /tmp/default.conf:1
2025/05/20 12:08:39 [emerg] 1#1: "upstream" directive is not allowed here in /tmp/default.conf:1
2025/05/20 12:08:41 [emerg] 1#1: "upstream" directive is not allowed here in /tmp/default.conf:1
2025/05/20 12:08:43 [emerg] 1#1: "upstream" directive is not allowed here in /tmp/default.conf:1
2025/05/20 12:08:44 [emerg] 1#1: "upstream" directive is not allowed here in /tmp/default.conf:1
2025/05/20 12:08:46 [emerg] 1#1: "upstream" directive is not allowed here in /tmp/default.conf:1
2025/05/20 12:08:50 [emerg] 1#1: "upstream" directive is not allowed here in /tmp/default.conf:1
2025/05/20 12:08:57 [emerg] 1#1: "upstream" directive is not allowed here in /tmp/default.conf:1
2025/05/20 12:09:10 [emerg] 1#1: "upstream" directive is not allowed here in /tmp/default.conf:1
2025/05/20 12:09:36 [emerg] 1#1: host not found in upstream "php:9000" in /tmp/default.conf:7
2025/05/20 12:10:31 [emerg] 1#1: host not found in upstream "php:9000" in /tmp/default.conf:7
2025/05/20 12:11:35 [emerg] 1#1: host not found in upstream "php:9000" in /tmp/default.conf:7
2025/05/20 12:12:38 [emerg] 1#1: host not found in upstream "php:9000" in /tmp/default.conf:7
2025/05/20 12:13:42 [emerg] 1#1: host not found in upstream "php:9000" in /tmp/default.conf:7
2025/05/20 12:14:46 [emerg] 1#1: host not found in upstream "php:9000" in /tmp/default.conf:7
2025/05/20 12:15:49 [emerg] 1#1: host not found in upstream "php:9000" in /tmp/default.conf:7
2025/05/20 12:16:53 [emerg] 1#1: host not found in upstream "php:9000" in /tmp/default.conf:7
2025/05/20 12:17:57 [emerg] 1#1: host not found in upstream "php:9000" in /tmp/default.conf:7
2025/05/20 12:19:00 [emerg] 1#1: host not found in upstream "php:9000" in /tmp/default.conf:7
2025/05/20 12:20:04 [emerg] 1#1: host not found in upstream "php:9000" in /tmp/default.conf:7
2025/05/20 12:21:07 [emerg] 1#1: host not found in upstream "php:9000" in /tmp/default.conf:7
2025/05/20 12:21:14 [emerg] 1#1: host not found in upstream "php:9000" in /tmp/default.conf:7
2025/05/20 12:21:20 [emerg] 1#1: host not found in upstream "php:9000" in /tmp/default.conf:7
2025/05/20 12:21:26 [emerg] 1#1: host not found in upstream "php:9000" in /tmp/default.conf:7
2025/05/20 12:21:32 [emerg] 1#1: host not found in upstream "symfony-sponsorship-php-1:9000" in /tmp/default.conf:7
2025/05/20 12:21:36 [emerg] 1#1: host not found in upstream "php:9000" in /tmp/default.conf:7
2025/05/20 12:21:43 [emerg] 1#1: host not found in upstream "php:9000" in /tmp/default.conf:7
2025/05/20 12:21:53 [emerg] 1#1: host not found in upstream "php:9000" in /tmp/default.conf:7
2025/05/20 12:22:10 [emerg] 1#1: host not found in upstream "php:9000" in /tmp/default.conf:7
2025/05/20 12:25:19 [notice] 1#1: using the "epoll" event method
2025/05/20 12:25:19 [notice] 1#1: nginx/1.27.5
2025/05/20 12:25:19 [notice] 1#1: built by gcc 14.2.0 (Alpine 14.2.0) 
2025/05/20 12:25:19 [notice] 1#1: OS: Linux 5.15.167.4-microsoft-standard-WSL2
2025/05/20 12:25:19 [notice] 1#1: getrlimit(RLIMIT_NOFILE): 1048576:1048576
2025/05/20 12:25:19 [notice] 1#1: start worker processes
2025/05/20 12:25:19 [notice] 1#1: start worker process 20
2025/05/20 12:25:19 [notice] 1#1: start worker process 21
2025/05/20 12:25:19 [notice] 1#1: start worker process 22
2025/05/20 12:25:19 [notice] 1#1: start worker process 23
2025/05/20 12:25:19 [notice] 1#1: start worker process 24
2025/05/20 12:25:19 [notice] 1#1: start worker process 25
2025/05/20 12:25:19 [notice] 1#1: start worker process 26
2025/05/20 12:25:19 [notice] 1#1: start worker process 27
2025/05/20 12:29:13 [notice] 1#1: signal 3 (SIGQUIT) received, shutting down
2025/05/20 12:29:13 [notice] 20#20: gracefully shutting down
2025/05/20 12:29:13 [notice] 21#21: gracefully shutting down
2025/05/20 12:29:13 [notice] 20#20: exiting
2025/05/20 12:29:13 [notice] 22#22: gracefully shutting down
2025/05/20 12:29:13 [notice] 21#21: exiting
2025/05/20 12:29:13 [notice] 24#24: gracefully shutting down
2025/05/20 12:29:13 [notice] 22#22: exiting
2025/05/20 12:29:13 [notice] 24#24: exiting
2025/05/20 12:29:13 [notice] 21#21: exit
2025/05/20 12:29:13 [notice] 20#20: exit
2025/05/20 12:29:13 [notice] 22#22: exit
2025/05/20 12:29:13 [notice] 24#24: exit
2025/05/20 12:29:13 [notice] 25#25: gracefully shutting down
2025/05/20 12:29:13 [notice] 23#23: gracefully shutting down
2025/05/20 12:29:13 [notice] 25#25: exiting
2025/05/20 12:29:13 [notice] 23#23: exiting
2025/05/20 12:29:13 [notice] 23#23: exit
2025/05/20 12:29:13 [notice] 25#25: exit
2025/05/20 12:29:13 [notice] 26#26: gracefully shutting down
2025/05/20 12:29:13 [notice] 26#26: exiting
2025/05/20 12:29:13 [notice] 26#26: exit
2025/05/20 12:29:13 [notice] 27#27: gracefully shutting down
2025/05/20 12:29:13 [notice] 27#27: exiting
2025/05/20 12:29:13 [notice] 27#27: exit
2025/05/20 12:29:13 [notice] 1#1: signal 17 (SIGCHLD) received from 23
2025/05/20 12:29:13 [notice] 1#1: worker process 21 exited with code 0
2025/05/20 12:29:13 [notice] 1#1: worker process 23 exited with code 0
2025/05/20 12:29:13 [notice] 1#1: signal 29 (SIGIO) received
2025/05/20 12:29:13 [notice] 1#1: signal 17 (SIGCHLD) received from 21
2025/05/20 12:29:13 [notice] 1#1: signal 17 (SIGCHLD) received from 20
2025/05/20 12:29:13 [notice] 1#1: worker process 20 exited with code 0
2025/05/20 12:29:13 [notice] 1#1: signal 29 (SIGIO) received
2025/05/20 12:29:13 [notice] 1#1: signal 17 (SIGCHLD) received from 25
2025/05/20 12:29:13 [notice] 1#1: worker process 24 exited with code 0
2025/05/20 12:29:13 [notice] 1#1: worker process 25 exited with code 0
2025/05/20 12:29:13 [notice] 1#1: worker process 26 exited with code 0
2025/05/20 12:29:13 [notice] 1#1: worker process 27 exited with code 0
2025/05/20 12:29:13 [notice] 1#1: signal 29 (SIGIO) received
2025/05/20 12:29:13 [notice] 1#1: signal 17 (SIGCHLD) received from 22
2025/05/20 12:29:13 [notice] 1#1: worker process 22 exited with code 0
2025/05/20 12:29:13 [notice] 1#1: exit
2025/05/20 12:34:05 [emerg] 1#1: host not found in upstream "php:9000" in /etc/nginx/nginx.conf:25
2025/05/20 12:34:11 [emerg] 1#1: host not found in upstream "php:9000" in /etc/nginx/nginx.conf:25
2025/05/20 12:34:18 [emerg] 1#1: host not found in upstream "php:9000" in /etc/nginx/nginx.conf:25
2025/05/20 12:34:24 [emerg] 1#1: host not found in upstream "php:9000" in /etc/nginx/nginx.conf:25
2025/05/20 12:34:30 [emerg] 1#1: host not found in upstream "php:9000" in /etc/nginx/nginx.conf:25
2025/05/20 12:34:36 [emerg] 1#1: host not found in upstream "php:9000" in /etc/nginx/nginx.conf:25
2025/05/20 12:34:43 [emerg] 1#1: host not found in upstream "symfony-sponsorship-php-1:9000" in /etc/nginx/nginx.conf:25
2025/05/20 12:34:56 [emerg] 1#1: host not found in upstream "symfony-sponsorship-php-1:9000" in /etc/nginx/nginx.conf:25
2025/05/20 12:34:59 [emerg] 1#1: host not found in upstream "symfony-sponsorship-php-1:9000" in /etc/nginx/nginx.conf:25
2025/05/20 12:35:02 [emerg] 1#1: host not found in upstream "symfony-sponsorship-php-1:9000" in /etc/nginx/nginx.conf:25
2025/05/20 12:35:06 [emerg] 1#1: host not found in upstream "symfony-sponsorship-php-1:9000" in /etc/nginx/nginx.conf:25
2025/05/20 12:35:09 [emerg] 1#1: host not found in upstream "symfony-sponsorship-php-1:9000" in /etc/nginx/nginx.conf:25
2025/05/20 12:35:13 [emerg] 1#1: host not found in upstream "symfony-sponsorship-php-1:9000" in /etc/nginx/nginx.conf:25
2025/05/20 12:35:18 [emerg] 1#1: host not found in upstream "symfony-sponsorship-php-1:9000" in /etc/nginx/nginx.conf:25
2025/05/20 12:35:27 [emerg] 1#1: host not found in upstream "symfony-sponsorship-php-1:9000" in /etc/nginx/nginx.conf:25
2025/05/20 12:35:42 [emerg] 1#1: host not found in upstream "symfony-sponsorship-php-1:9000" in /etc/nginx/nginx.conf:25
2025/05/20 12:36:10 [emerg] 1#1: host not found in upstream "symfony-sponsorship-php-1:9000" in /etc/nginx/nginx.conf:25
2025/05/20 12:37:03 [emerg] 1#1: host not found in upstream "symfony-sponsorship-php-1:9000" in /etc/nginx/nginx.conf:25
2025/05/20 12:38:06 [emerg] 1#1: host not found in upstream "symfony-sponsorship-php-1:9000" in /etc/nginx/nginx.conf:25
2025/05/20 12:39:10 [notice] 1#1: using the "epoll" event method
2025/05/20 12:39:10 [notice] 1#1: nginx/1.27.5
2025/05/20 12:39:10 [notice] 1#1: built by gcc 14.2.0 (Alpine 14.2.0) 
2025/05/20 12:39:10 [notice] 1#1: OS: Linux 5.15.167.4-microsoft-standard-WSL2
2025/05/20 12:39:10 [notice] 1#1: getrlimit(RLIMIT_NOFILE): 1048576:1048576
2025/05/20 12:39:10 [notice] 1#1: start worker processes
2025/05/20 12:39:10 [notice] 1#1: start worker process 20
2025/05/20 12:39:10 [notice] 1#1: start worker process 21
2025/05/20 12:39:10 [notice] 1#1: start worker process 22
2025/05/20 12:39:10 [notice] 1#1: start worker process 23
2025/05/20 12:39:10 [notice] 1#1: start worker process 24
2025/05/20 12:39:10 [notice] 1#1: start worker process 25
2025/05/20 12:39:10 [notice] 1#1: start worker process 26
2025/05/20 12:39:10 [notice] 1#1: start worker process 27
2025/05/20 12:48:05 [notice] 1#1: signal 3 (SIGQUIT) received, shutting down
2025/05/20 12:48:05 [notice] 24#24: gracefully shutting down
2025/05/20 12:48:05 [notice] 24#24: exiting
2025/05/20 12:48:05 [notice] 20#20: gracefully shutting down
2025/05/20 12:48:05 [notice] 25#25: gracefully shutting down
2025/05/20 12:48:05 [notice] 20#20: exiting
2025/05/20 12:48:05 [notice] 25#25: exiting
2025/05/20 12:48:05 [notice] 24#24: exit
2025/05/20 12:48:05 [notice] 25#25: exit
2025/05/20 12:48:05 [notice] 20#20: exit
2025/05/20 12:48:05 [notice] 21#21: gracefully shutting down
2025/05/20 12:48:05 [notice] 21#21: exiting
2025/05/20 12:48:05 [notice] 21#21: exit
2025/05/20 12:48:05 [notice] 22#22: gracefully shutting down
2025/05/20 12:48:05 [notice] 22#22: exiting
2025/05/20 12:48:05 [notice] 22#22: exit
2025/05/20 12:48:05 [notice] 23#23: gracefully shutting down
2025/05/20 12:48:05 [notice] 23#23: exiting
2025/05/20 12:48:05 [notice] 23#23: exit
2025/05/20 12:48:05 [notice] 26#26: gracefully shutting down
2025/05/20 12:48:05 [notice] 26#26: exiting
2025/05/20 12:48:05 [notice] 26#26: exit
2025/05/20 12:48:05 [notice] 27#27: gracefully shutting down
2025/05/20 12:48:05 [notice] 27#27: exiting
2025/05/20 12:48:05 [notice] 27#27: exit
2025/05/20 12:48:06 [notice] 1#1: signal 17 (SIGCHLD) received from 21
2025/05/20 12:48:06 [notice] 1#1: worker process 20 exited with code 0
2025/05/20 12:48:06 [notice] 1#1: worker process 21 exited with code 0
2025/05/20 12:48:06 [notice] 1#1: worker process 23 exited with code 0
2025/05/20 12:48:06 [notice] 1#1: worker process 25 exited with code 0
2025/05/20 12:48:06 [notice] 1#1: worker process 26 exited with code 0
2025/05/20 12:48:06 [notice] 1#1: worker process 27 exited with code 0
2025/05/20 12:48:06 [notice] 1#1: signal 29 (SIGIO) received
2025/05/20 12:48:06 [notice] 1#1: signal 17 (SIGCHLD) received from 20
2025/05/20 12:48:06 [notice] 1#1: worker process 22 exited with code 0
2025/05/20 12:48:06 [notice] 1#1: signal 29 (SIGIO) received
2025/05/20 12:48:06 [notice] 1#1: signal 17 (SIGCHLD) received from 24
2025/05/20 12:48:06 [notice] 1#1: worker process 24 exited with code 0
2025/05/20 12:48:06 [notice] 1#1: exit
2025/05/20 12:48:18 [notice] 1#1: using the "epoll" event method
2025/05/20 12:48:18 [notice] 1#1: nginx/1.27.5
2025/05/20 12:48:18 [notice] 1#1: built by gcc 14.2.0 (Alpine 14.2.0) 
2025/05/20 12:48:18 [notice] 1#1: OS: Linux 5.15.167.4-microsoft-standard-WSL2
2025/05/20 12:48:18 [notice] 1#1: getrlimit(RLIMIT_NOFILE): 1048576:1048576
2025/05/20 12:48:18 [notice] 1#1: start worker processes
2025/05/20 12:48:18 [notice] 1#1: start worker process 20
2025/05/20 12:48:18 [notice] 1#1: start worker process 21
2025/05/20 12:48:18 [notice] 1#1: start worker process 22
2025/05/20 12:48:18 [notice] 1#1: start worker process 23
2025/05/20 12:48:18 [notice] 1#1: start worker process 24
2025/05/20 12:48:18 [notice] 1#1: start worker process 25
2025/05/20 12:48:18 [notice] 1#1: start worker process 26
2025/05/20 12:48:18 [notice] 1#1: start worker process 27
2025/05/20 12:49:13 [notice] 1#1: signal 3 (SIGQUIT) received, shutting down
2025/05/20 12:49:13 [notice] 20#20: gracefully shutting down
2025/05/20 12:49:13 [notice] 21#21: gracefully shutting down
2025/05/20 12:49:13 [notice] 20#20: exiting
2025/05/20 12:49:13 [notice] 22#22: gracefully shutting down
2025/05/20 12:49:13 [notice] 21#21: exiting
2025/05/20 12:49:13 [notice] 22#22: exiting
2025/05/20 12:49:13 [notice] 20#20: exit
2025/05/20 12:49:13 [notice] 21#21: exit
2025/05/20 12:49:13 [notice] 22#22: exit
2025/05/20 12:49:13 [notice] 24#24: gracefully shutting down
2025/05/20 12:49:13 [notice] 24#24: exiting
2025/05/20 12:49:13 [notice] 24#24: exit
2025/05/20 12:49:13 [notice] 25#25: gracefully shutting down
2025/05/20 12:49:13 [notice] 25#25: exiting
2025/05/20 12:49:13 [notice] 26#26: gracefully shutting down
2025/05/20 12:49:13 [notice] 26#26: exiting
2025/05/20 12:49:13 [notice] 23#23: gracefully shutting down
2025/05/20 12:49:13 [notice] 23#23: exiting
2025/05/20 12:49:13 [notice] 26#26: exit
2025/05/20 12:49:13 [notice] 27#27: gracefully shutting down
2025/05/20 12:49:13 [notice] 27#27: exiting
2025/05/20 12:49:13 [notice] 23#23: exit
2025/05/20 12:49:13 [notice] 27#27: exit
2025/05/20 12:49:13 [notice] 25#25: exit
2025/05/20 12:49:13 [notice] 1#1: signal 17 (SIGCHLD) received from 25
2025/05/20 12:49:13 [notice] 1#1: worker process 25 exited with code 0
2025/05/20 12:49:13 [notice] 1#1: worker process 26 exited with code 0
2025/05/20 12:49:13 [notice] 1#1: signal 29 (SIGIO) received
2025/05/20 12:49:13 [notice] 1#1: signal 17 (SIGCHLD) received from 27
2025/05/20 12:49:13 [notice] 1#1: worker process 20 exited with code 0
2025/05/20 12:49:13 [notice] 1#1: worker process 21 exited with code 0
2025/05/20 12:49:13 [notice] 1#1: worker process 22 exited with code 0
2025/05/20 12:49:13 [notice] 1#1: worker process 23 exited with code 0
2025/05/20 12:49:13 [notice] 1#1: worker process 24 exited with code 0
2025/05/20 12:49:13 [notice] 1#1: worker process 27 exited with code 0
2025/05/20 12:49:13 [notice] 1#1: exit
2025/05/20 12:49:20 [notice] 1#1: using the "epoll" event method
2025/05/20 12:49:20 [notice] 1#1: nginx/1.27.5
2025/05/20 12:49:20 [notice] 1#1: built by gcc 14.2.0 (Alpine 14.2.0) 
2025/05/20 12:49:20 [notice] 1#1: OS: Linux 5.15.167.4-microsoft-standard-WSL2
2025/05/20 12:49:20 [notice] 1#1: getrlimit(RLIMIT_NOFILE): 1048576:1048576
2025/05/20 12:49:20 [notice] 1#1: start worker processes
2025/05/20 12:49:20 [notice] 1#1: start worker process 20
2025/05/20 12:49:20 [notice] 1#1: start worker process 21
2025/05/20 12:49:20 [notice] 1#1: start worker process 22
2025/05/20 12:49:20 [notice] 1#1: start worker process 23
2025/05/20 12:49:20 [notice] 1#1: start worker process 24
2025/05/20 12:49:20 [notice] 1#1: start worker process 25
2025/05/20 12:49:20 [notice] 1#1: start worker process 26
2025/05/20 12:49:20 [notice] 1#1: start worker process 27
2025/05/21 11:48:30 [notice] 1#1: signal 3 (SIGQUIT) received, shutting down
2025/05/21 11:48:30 [notice] 20#20: gracefully shutting down
2025/05/21 11:48:30 [notice] 21#21: gracefully shutting down
2025/05/21 11:48:30 [notice] 24#24: gracefully shutting down
2025/05/21 11:48:30 [notice] 20#20: exiting
2025/05/21 11:48:30 [notice] 21#21: exiting
2025/05/21 11:48:30 [notice] 26#26: gracefully shutting down
2025/05/21 11:48:30 [notice] 22#22: gracefully shutting down
2025/05/21 11:48:30 [notice] 24#24: exiting
2025/05/21 11:48:30 [notice] 22#22: exiting
2025/05/21 11:48:30 [notice] 26#26: exiting
2025/05/21 11:48:30 [notice] 24#24: exit
2025/05/21 11:48:30 [notice] 21#21: exit
2025/05/21 11:48:30 [notice] 20#20: exit
2025/05/21 11:48:30 [notice] 22#22: exit
2025/05/21 11:48:30 [notice] 26#26: exit
2025/05/21 11:48:30 [notice] 23#23: gracefully shutting down
2025/05/21 11:48:30 [notice] 23#23: exiting
2025/05/21 11:48:30 [notice] 23#23: exit
2025/05/21 11:48:30 [notice] 27#27: gracefully shutting down
2025/05/21 11:48:30 [notice] 27#27: exiting
2025/05/21 11:48:30 [notice] 27#27: exit
2025/05/21 11:48:30 [notice] 25#25: gracefully shutting down
2025/05/21 11:48:30 [notice] 25#25: exiting
2025/05/21 11:48:30 [notice] 25#25: exit
2025/05/21 11:48:30 [notice] 1#1: signal 17 (SIGCHLD) received from 24
2025/05/21 11:48:30 [notice] 1#1: worker process 21 exited with code 0
2025/05/21 11:48:30 [notice] 1#1: worker process 22 exited with code 0
2025/05/21 11:48:30 [notice] 1#1: worker process 23 exited with code 0
2025/05/21 11:48:30 [notice] 1#1: worker process 24 exited with code 0
2025/05/21 11:48:30 [notice] 1#1: signal 29 (SIGIO) received
2025/05/21 11:48:30 [notice] 1#1: signal 17 (SIGCHLD) received from 23
2025/05/21 11:48:30 [notice] 1#1: signal 17 (SIGCHLD) received from 26
2025/05/21 11:48:30 [notice] 1#1: worker process 25 exited with code 0
2025/05/21 11:48:30 [notice] 1#1: worker process 26 exited with code 0
2025/05/21 11:48:30 [notice] 1#1: signal 29 (SIGIO) received
2025/05/21 11:48:30 [notice] 1#1: signal 17 (SIGCHLD) received from 27
2025/05/21 11:48:30 [notice] 1#1: worker process 27 exited with code 0
2025/05/21 11:48:30 [notice] 1#1: signal 29 (SIGIO) received
2025/05/21 11:48:30 [notice] 1#1: signal 17 (SIGCHLD) received from 20
2025/05/21 11:48:30 [notice] 1#1: worker process 20 exited with code 0
2025/05/21 11:48:30 [notice] 1#1: exit
2025/05/21 11:48:39 [notice] 1#1: using the "epoll" event method
2025/05/21 11:48:39 [notice] 1#1: nginx/1.27.5
2025/05/21 11:48:39 [notice] 1#1: built by gcc 14.2.0 (Alpine 14.2.0) 
2025/05/21 11:48:39 [notice] 1#1: OS: Linux 5.15.167.4-microsoft-standard-WSL2
2025/05/21 11:48:39 [notice] 1#1: getrlimit(RLIMIT_NOFILE): 1048576:1048576
2025/05/21 11:48:39 [notice] 1#1: start worker processes
2025/05/21 11:48:39 [notice] 1#1: start worker process 20
2025/05/21 11:48:39 [notice] 1#1: start worker process 21
2025/05/21 11:48:39 [notice] 1#1: start worker process 22
2025/05/21 11:48:39 [notice] 1#1: start worker process 23
2025/05/21 11:48:39 [notice] 1#1: start worker process 24
2025/05/21 11:48:39 [notice] 1#1: start worker process 25
2025/05/21 11:48:39 [notice] 1#1: start worker process 26
2025/05/21 11:48:39 [notice] 1#1: start worker process 27
2025/05/21 11:51:29 [notice] 1#1: signal 3 (SIGQUIT) received, shutting down
2025/05/21 11:51:29 [notice] 20#20: gracefully shutting down
2025/05/21 11:51:29 [notice] 21#21: gracefully shutting down
2025/05/21 11:51:29 [notice] 20#20: exiting
2025/05/21 11:51:29 [notice] 22#22: gracefully shutting down
2025/05/21 11:51:29 [notice] 21#21: exiting
2025/05/21 11:51:29 [notice] 24#24: gracefully shutting down
2025/05/21 11:51:29 [notice] 22#22: exiting
2025/05/21 11:51:29 [notice] 24#24: exiting
2025/05/21 11:51:29 [notice] 20#20: exit
2025/05/21 11:51:29 [notice] 22#22: exit
2025/05/21 11:51:29 [notice] 21#21: exit
2025/05/21 11:51:29 [notice] 24#24: exit
2025/05/21 11:51:29 [notice] 23#23: gracefully shutting down
2025/05/21 11:51:29 [notice] 23#23: exiting
2025/05/21 11:51:29 [notice] 23#23: exit
2025/05/21 11:51:29 [notice] 25#25: gracefully shutting down
2025/05/21 11:51:29 [notice] 25#25: exiting
2025/05/21 11:51:29 [notice] 25#25: exit
2025/05/21 11:51:29 [notice] 26#26: gracefully shutting down
2025/05/21 11:51:29 [notice] 27#27: gracefully shutting down
2025/05/21 11:51:29 [notice] 27#27: exiting
2025/05/21 11:51:29 [notice] 27#27: exit
2025/05/21 11:51:29 [notice] 26#26: exiting
2025/05/21 11:51:29 [notice] 26#26: exit
2025/05/21 11:51:29 [notice] 1#1: signal 17 (SIGCHLD) received from 24
2025/05/21 11:51:29 [notice] 1#1: worker process 22 exited with code 0
2025/05/21 11:51:29 [notice] 1#1: worker process 24 exited with code 0
2025/05/21 11:51:29 [notice] 1#1: worker process 25 exited with code 0
2025/05/21 11:51:29 [notice] 1#1: worker process 26 exited with code 0
2025/05/21 11:51:29 [notice] 1#1: worker process 27 exited with code 0
2025/05/21 11:51:29 [notice] 1#1: signal 29 (SIGIO) received
2025/05/21 11:51:29 [notice] 1#1: signal 17 (SIGCHLD) received from 23
2025/05/21 11:51:29 [notice] 1#1: worker process 23 exited with code 0
2025/05/21 11:51:29 [notice] 1#1: signal 29 (SIGIO) received
2025/05/21 11:51:29 [notice] 1#1: signal 17 (SIGCHLD) received from 20
2025/05/21 11:51:29 [notice] 1#1: worker process 20 exited with code 0
2025/05/21 11:51:29 [notice] 1#1: signal 29 (SIGIO) received
2025/05/21 11:51:29 [notice] 1#1: signal 17 (SIGCHLD) received from 21
2025/05/21 11:51:29 [notice] 1#1: worker process 21 exited with code 0
2025/05/21 11:51:29 [notice] 1#1: exit
2025/05/21 11:51:36 [notice] 1#1: using the "epoll" event method
2025/05/21 11:51:36 [notice] 1#1: nginx/1.27.5
2025/05/21 11:51:36 [notice] 1#1: built by gcc 14.2.0 (Alpine 14.2.0) 
2025/05/21 11:51:36 [notice] 1#1: OS: Linux 5.15.167.4-microsoft-standard-WSL2
2025/05/21 11:51:36 [notice] 1#1: getrlimit(RLIMIT_NOFILE): 1048576:1048576
2025/05/21 11:51:36 [notice] 1#1: start worker processes
2025/05/21 11:51:36 [notice] 1#1: start worker process 20
2025/05/21 11:51:36 [notice] 1#1: start worker process 21
2025/05/21 11:51:36 [notice] 1#1: start worker process 22
2025/05/21 11:51:36 [notice] 1#1: start worker process 23
2025/05/21 11:51:36 [notice] 1#1: start worker process 24
2025/05/21 11:51:36 [notice] 1#1: start worker process 25
2025/05/21 11:51:36 [notice] 1#1: start worker process 26
2025/05/21 11:51:36 [notice] 1#1: start worker process 27
2025/05/21 11:54:08 [notice] 1#1: signal 3 (SIGQUIT) received, shutting down
2025/05/21 11:54:08 [notice] 24#24: gracefully shutting down
2025/05/21 11:54:08 [notice] 25#25: gracefully shutting down
2025/05/21 11:54:08 [notice] 24#24: exiting
2025/05/21 11:54:08 [notice] 25#25: exiting
2025/05/21 11:54:08 [notice] 25#25: exit
2025/05/21 11:54:08 [notice] 24#24: exit
2025/05/21 11:54:08 [notice] 26#26: gracefully shutting down
2025/05/21 11:54:08 [notice] 26#26: exiting
2025/05/21 11:54:08 [notice] 26#26: exit
2025/05/21 11:54:08 [notice] 23#23: gracefully shutting down
2025/05/21 11:54:08 [notice] 23#23: exiting
2025/05/21 11:54:08 [notice] 23#23: exit
2025/05/21 11:54:08 [notice] 21#21: gracefully shutting down
2025/05/21 11:54:08 [notice] 27#27: gracefully shutting down
2025/05/21 11:54:08 [notice] 21#21: exiting
2025/05/21 11:54:08 [notice] 27#27: exiting
2025/05/21 11:54:08 [notice] 27#27: exit
2025/05/21 11:54:08 [notice] 21#21: exit
2025/05/21 11:54:08 [notice] 20#20: gracefully shutting down
2025/05/21 11:54:08 [notice] 20#20: exiting
2025/05/21 11:54:08 [notice] 20#20: exit
2025/05/21 11:54:08 [notice] 22#22: gracefully shutting down
2025/05/21 11:54:08 [notice] 22#22: exiting
2025/05/21 11:54:08 [notice] 22#22: exit
2025/05/21 11:54:08 [notice] 1#1: signal 17 (SIGCHLD) received from 26
2025/05/21 11:54:08 [notice] 1#1: worker process 20 exited with code 0
2025/05/21 11:54:08 [notice] 1#1: worker process 23 exited with code 0
2025/05/21 11:54:08 [notice] 1#1: worker process 24 exited with code 0
2025/05/21 11:54:08 [notice] 1#1: worker process 25 exited with code 0
2025/05/21 11:54:08 [notice] 1#1: worker process 26 exited with code 0
2025/05/21 11:54:08 [notice] 1#1: signal 29 (SIGIO) received
2025/05/21 11:54:08 [notice] 1#1: signal 17 (SIGCHLD) received from 20
2025/05/21 11:54:08 [notice] 1#1: signal 17 (SIGCHLD) received from 27
2025/05/21 11:54:08 [notice] 1#1: worker process 21 exited with code 0
2025/05/21 11:54:08 [notice] 1#1: worker process 22 exited with code 0
2025/05/21 11:54:08 [notice] 1#1: worker process 27 exited with code 0
2025/05/21 11:54:08 [notice] 1#1: exit
2025/05/21 11:54:17 [notice] 1#1: using the "epoll" event method
2025/05/21 11:54:17 [notice] 1#1: nginx/1.27.5
2025/05/21 11:54:17 [notice] 1#1: built by gcc 14.2.0 (Alpine 14.2.0) 
2025/05/21 11:54:17 [notice] 1#1: OS: Linux 5.15.167.4-microsoft-standard-WSL2
2025/05/21 11:54:17 [notice] 1#1: getrlimit(RLIMIT_NOFILE): 1048576:1048576
2025/05/21 11:54:17 [notice] 1#1: start worker processes
2025/05/21 11:54:17 [notice] 1#1: start worker process 20
2025/05/21 11:54:17 [notice] 1#1: start worker process 21
2025/05/21 11:54:17 [notice] 1#1: start worker process 22
2025/05/21 11:54:17 [notice] 1#1: start worker process 23
2025/05/21 11:54:17 [notice] 1#1: start worker process 24
2025/05/21 11:54:17 [notice] 1#1: start worker process 25
2025/05/21 11:54:17 [notice] 1#1: start worker process 26
2025/05/21 11:54:17 [notice] 1#1: start worker process 27
2025/05/21 11:55:06 [notice] 1#1: signal 3 (SIGQUIT) received, shutting down
2025/05/21 11:55:06 [notice] 20#20: gracefully shutting down
2025/05/21 11:55:06 [notice] 22#22: gracefully shutting down
2025/05/21 11:55:06 [notice] 23#23: gracefully shutting down
2025/05/21 11:55:06 [notice] 20#20: exiting
2025/05/21 11:55:06 [notice] 22#22: exiting
2025/05/21 11:55:06 [notice] 23#23: exiting
2025/05/21 11:55:06 [notice] 27#27: gracefully shutting down
2025/05/21 11:55:06 [notice] 27#27: exiting
2025/05/21 11:55:06 [notice] 22#22: exit
2025/05/21 11:55:06 [notice] 20#20: exit
2025/05/21 11:55:06 [notice] 23#23: exit
2025/05/21 11:55:06 [notice] 27#27: exit
2025/05/21 11:55:06 [notice] 24#24: gracefully shutting down
2025/05/21 11:55:06 [notice] 24#24: exiting
2025/05/21 11:55:06 [notice] 24#24: exit
2025/05/21 11:55:06 [notice] 25#25: gracefully shutting down
2025/05/21 11:55:06 [notice] 25#25: exiting
2025/05/21 11:55:06 [notice] 25#25: exit
2025/05/21 11:55:06 [notice] 26#26: gracefully shutting down
2025/05/21 11:55:06 [notice] 26#26: exiting
2025/05/21 11:55:06 [notice] 21#21: gracefully shutting down
2025/05/21 11:55:06 [notice] 21#21: exiting
2025/05/21 11:55:06 [notice] 26#26: exit
2025/05/21 11:55:06 [notice] 21#21: exit
2025/05/21 11:55:06 [notice] 1#1: signal 17 (SIGCHLD) received from 23
2025/05/21 11:55:06 [notice] 1#1: worker process 23 exited with code 0
2025/05/21 11:55:06 [notice] 1#1: signal 29 (SIGIO) received
2025/05/21 11:55:06 [notice] 1#1: signal 17 (SIGCHLD) received from 24
2025/05/21 11:55:06 [notice] 1#1: worker process 24 exited with code 0
2025/05/21 11:55:06 [notice] 1#1: signal 29 (SIGIO) received
2025/05/21 11:55:06 [notice] 1#1: signal 17 (SIGCHLD) received from 26
2025/05/21 11:55:06 [notice] 1#1: worker process 26 exited with code 0
2025/05/21 11:55:06 [notice] 1#1: signal 29 (SIGIO) received
2025/05/21 11:55:06 [notice] 1#1: signal 17 (SIGCHLD) received from 22
2025/05/21 11:55:06 [notice] 1#1: worker process 22 exited with code 0
2025/05/21 11:55:06 [notice] 1#1: signal 29 (SIGIO) received
2025/05/21 11:55:06 [notice] 1#1: signal 17 (SIGCHLD) received from 21
2025/05/21 11:55:06 [notice] 1#1: worker process 21 exited with code 0
2025/05/21 11:55:06 [notice] 1#1: signal 29 (SIGIO) received
2025/05/21 11:55:06 [notice] 1#1: signal 17 (SIGCHLD) received from 25
2025/05/21 11:55:06 [notice] 1#1: worker process 25 exited with code 0
2025/05/21 11:55:06 [notice] 1#1: signal 29 (SIGIO) received
2025/05/21 11:55:06 [notice] 1#1: signal 17 (SIGCHLD) received from 27
2025/05/21 11:55:06 [notice] 1#1: worker process 27 exited with code 0
2025/05/21 11:55:06 [notice] 1#1: signal 29 (SIGIO) received
2025/05/21 11:55:06 [notice] 1#1: signal 17 (SIGCHLD) received from 20
2025/05/21 11:55:06 [notice] 1#1: worker process 20 exited with code 0
2025/05/21 11:55:06 [notice] 1#1: exit
2025/05/21 11:55:14 [notice] 1#1: using the "epoll" event method
2025/05/21 11:55:14 [notice] 1#1: nginx/1.27.5
2025/05/21 11:55:14 [notice] 1#1: built by gcc 14.2.0 (Alpine 14.2.0) 
2025/05/21 11:55:14 [notice] 1#1: OS: Linux 5.15.167.4-microsoft-standard-WSL2
2025/05/21 11:55:14 [notice] 1#1: getrlimit(RLIMIT_NOFILE): 1048576:1048576
2025/05/21 11:55:14 [notice] 1#1: start worker processes
2025/05/21 11:55:14 [notice] 1#1: start worker process 20
2025/05/21 11:55:14 [notice] 1#1: start worker process 21
2025/05/21 11:55:14 [notice] 1#1: start worker process 22
2025/05/21 11:55:14 [notice] 1#1: start worker process 23
2025/05/21 11:55:14 [notice] 1#1: start worker process 24
2025/05/21 11:55:14 [notice] 1#1: start worker process 25
2025/05/21 11:55:14 [notice] 1#1: start worker process 26
2025/05/21 11:55:14 [notice] 1#1: start worker process 27
2025/05/21 12:00:07 [notice] 1#1: signal 3 (SIGQUIT) received, shutting down
2025/05/21 12:00:07 [notice] 20#20: gracefully shutting down
2025/05/21 12:00:07 [notice] 21#21: gracefully shutting down
2025/05/21 12:00:07 [notice] 20#20: exiting
2025/05/21 12:00:07 [notice] 22#22: gracefully shutting down
2025/05/21 12:00:07 [notice] 21#21: exiting
2025/05/21 12:00:07 [notice] 24#24: gracefully shutting down
2025/05/21 12:00:07 [notice] 22#22: exiting
2025/05/21 12:00:07 [notice] 26#26: gracefully shutting down
2025/05/21 12:00:07 [notice] 24#24: exiting
2025/05/21 12:00:07 [notice] 26#26: exiting
2025/05/21 12:00:07 [notice] 22#22: exit
2025/05/21 12:00:07 [notice] 25#25: gracefully shutting down
2025/05/21 12:00:07 [notice] 20#20: exit
2025/05/21 12:00:07 [notice] 21#21: exit
2025/05/21 12:00:07 [notice] 25#25: exiting
2025/05/21 12:00:07 [notice] 24#24: exit
2025/05/21 12:00:07 [notice] 26#26: exit
2025/05/21 12:00:07 [notice] 25#25: exit
2025/05/21 12:00:07 [notice] 23#23: gracefully shutting down
2025/05/21 12:00:07 [notice] 27#27: gracefully shutting down
2025/05/21 12:00:07 [notice] 23#23: exiting
2025/05/21 12:00:07 [notice] 27#27: exiting
2025/05/21 12:00:07 [notice] 23#23: exit
2025/05/21 12:00:07 [notice] 27#27: exit
2025/05/21 12:00:07 [notice] 1#1: signal 17 (SIGCHLD) received from 23
2025/05/21 12:00:07 [notice] 1#1: worker process 22 exited with code 0
2025/05/21 12:00:07 [notice] 1#1: worker process 23 exited with code 0
2025/05/21 12:00:07 [notice] 1#1: worker process 24 exited with code 0
2025/05/21 12:00:07 [notice] 1#1: worker process 25 exited with code 0
2025/05/21 12:00:07 [notice] 1#1: signal 29 (SIGIO) received
2025/05/21 12:00:07 [notice] 1#1: signal 17 (SIGCHLD) received from 26
2025/05/21 12:00:07 [notice] 1#1: worker process 20 exited with code 0
2025/05/21 12:00:07 [notice] 1#1: worker process 26 exited with code 0
2025/05/21 12:00:07 [notice] 1#1: worker process 27 exited with code 0
2025/05/21 12:00:07 [notice] 1#1: signal 29 (SIGIO) received
2025/05/21 12:00:07 [notice] 1#1: signal 17 (SIGCHLD) received from 21
2025/05/21 12:00:07 [notice] 1#1: worker process 21 exited with code 0
2025/05/21 12:00:07 [notice] 1#1: exit
2025/05/21 12:00:10 [notice] 1#1: using the "epoll" event method
2025/05/21 12:00:10 [notice] 1#1: nginx/1.27.5
2025/05/21 12:00:10 [notice] 1#1: built by gcc 14.2.0 (Alpine 14.2.0) 
2025/05/21 12:00:10 [notice] 1#1: OS: Linux 5.15.167.4-microsoft-standard-WSL2
2025/05/21 12:00:10 [notice] 1#1: getrlimit(RLIMIT_NOFILE): 1048576:1048576
2025/05/21 12:00:10 [notice] 1#1: start worker processes
2025/05/21 12:00:10 [notice] 1#1: start worker process 20
2025/05/21 12:00:10 [notice] 1#1: start worker process 21
2025/05/21 12:00:10 [notice] 1#1: start worker process 22
2025/05/21 12:00:10 [notice] 1#1: start worker process 23
2025/05/21 12:00:10 [notice] 1#1: start worker process 24
2025/05/21 12:00:10 [notice] 1#1: start worker process 25
2025/05/21 12:00:10 [notice] 1#1: start worker process 26
2025/05/21 12:00:10 [notice] 1#1: start worker process 27
2025/05/21 12:05:26 [notice] 1#1: signal 3 (SIGQUIT) received, shutting down
2025/05/21 12:05:26 [notice] 20#20: gracefully shutting down
2025/05/21 12:05:26 [notice] 20#20: exiting
2025/05/21 12:05:26 [notice] 21#21: gracefully shutting down
2025/05/21 12:05:26 [notice] 21#21: exiting
2025/05/21 12:05:26 [notice] 27#27: gracefully shutting down
2025/05/21 12:05:26 [notice] 27#27: exiting
2025/05/21 12:05:26 [notice] 20#20: exit
2025/05/21 12:05:26 [notice] 21#21: exit
2025/05/21 12:05:26 [notice] 27#27: exit
2025/05/21 12:05:26 [notice] 22#22: gracefully shutting down
2025/05/21 12:05:26 [notice] 22#22: exiting
2025/05/21 12:05:26 [notice] 22#22: exit
2025/05/21 12:05:26 [notice] 24#24: gracefully shutting down
2025/05/21 12:05:26 [notice] 24#24: exiting
2025/05/21 12:05:26 [notice] 24#24: exit
2025/05/21 12:05:26 [notice] 25#25: gracefully shutting down
2025/05/21 12:05:26 [notice] 25#25: exiting
2025/05/21 12:05:26 [notice] 25#25: exit
2025/05/21 12:05:26 [notice] 23#23: gracefully shutting down
2025/05/21 12:05:26 [notice] 23#23: exiting
2025/05/21 12:05:26 [notice] 23#23: exit
2025/05/21 12:05:26 [notice] 26#26: gracefully shutting down
2025/05/21 12:05:26 [notice] 26#26: exiting
2025/05/21 12:05:26 [notice] 26#26: exit
2025/05/21 12:05:26 [notice] 1#1: signal 17 (SIGCHLD) received from 27
2025/05/21 12:05:26 [notice] 1#1: worker process 20 exited with code 0
2025/05/21 12:05:26 [notice] 1#1: worker process 21 exited with code 0
2025/05/21 12:05:26 [notice] 1#1: worker process 22 exited with code 0
2025/05/21 12:05:26 [notice] 1#1: worker process 23 exited with code 0
2025/05/21 12:05:26 [notice] 1#1: worker process 24 exited with code 0
2025/05/21 12:05:26 [notice] 1#1: worker process 25 exited with code 0
2025/05/21 12:05:26 [notice] 1#1: worker process 26 exited with code 0
2025/05/21 12:05:26 [notice] 1#1: worker process 27 exited with code 0
2025/05/21 12:05:26 [notice] 1#1: exit
2025/05/21 12:05:29 [notice] 1#1: using the "epoll" event method
2025/05/21 12:05:29 [notice] 1#1: nginx/1.27.5
2025/05/21 12:05:29 [notice] 1#1: built by gcc 14.2.0 (Alpine 14.2.0) 
2025/05/21 12:05:29 [notice] 1#1: OS: Linux 5.15.167.4-microsoft-standard-WSL2
2025/05/21 12:05:29 [notice] 1#1: getrlimit(RLIMIT_NOFILE): 1048576:1048576
2025/05/21 12:05:29 [notice] 1#1: start worker processes
2025/05/21 12:05:29 [notice] 1#1: start worker process 20
2025/05/21 12:05:29 [notice] 1#1: start worker process 21
2025/05/21 12:05:29 [notice] 1#1: start worker process 22
2025/05/21 12:05:29 [notice] 1#1: start worker process 23
2025/05/21 12:05:29 [notice] 1#1: start worker process 24
2025/05/21 12:05:29 [notice] 1#1: start worker process 25
2025/05/21 12:05:29 [notice] 1#1: start worker process 26
2025/05/21 12:05:29 [notice] 1#1: start worker process 27
2025/05/21 12:11:00 [notice] 1#1: signal 3 (SIGQUIT) received, shutting down
2025/05/21 12:11:00 [notice] 21#21: gracefully shutting down
2025/05/21 12:11:00 [notice] 23#23: gracefully shutting down
2025/05/21 12:11:00 [notice] 22#22: gracefully shutting down
2025/05/21 12:11:00 [notice] 25#25: gracefully shutting down
2025/05/21 12:11:00 [notice] 21#21: exiting
2025/05/21 12:11:00 [notice] 23#23: exiting
2025/05/21 12:11:00 [notice] 22#22: exiting
2025/05/21 12:11:00 [notice] 24#24: gracefully shutting down
2025/05/21 12:11:00 [notice] 25#25: exiting
2025/05/21 12:11:00 [notice] 24#24: exiting
2025/05/21 12:11:00 [notice] 21#21: exit
2025/05/21 12:11:00 [notice] 22#22: exit
2025/05/21 12:11:00 [notice] 23#23: exit
2025/05/21 12:11:00 [notice] 25#25: exit
2025/05/21 12:11:00 [notice] 24#24: exit
2025/05/21 12:11:00 [notice] 20#20: gracefully shutting down
2025/05/21 12:11:00 [notice] 20#20: exiting
2025/05/21 12:11:00 [notice] 26#26: gracefully shutting down
2025/05/21 12:11:00 [notice] 26#26: exiting
2025/05/21 12:11:00 [notice] 20#20: exit
2025/05/21 12:11:00 [notice] 26#26: exit
2025/05/21 12:11:00 [notice] 27#27: gracefully shutting down
2025/05/21 12:11:00 [notice] 27#27: exiting
2025/05/21 12:11:00 [notice] 27#27: exit
2025/05/21 12:11:00 [notice] 1#1: signal 17 (SIGCHLD) received from 22
2025/05/21 12:11:00 [notice] 1#1: worker process 21 exited with code 0
2025/05/21 12:11:00 [notice] 1#1: worker process 22 exited with code 0
2025/05/21 12:11:00 [notice] 1#1: worker process 23 exited with code 0
2025/05/21 12:11:00 [notice] 1#1: worker process 26 exited with code 0
2025/05/21 12:11:00 [notice] 1#1: signal 29 (SIGIO) received
2025/05/21 12:11:00 [notice] 1#1: signal 17 (SIGCHLD) received from 21
2025/05/21 12:11:00 [notice] 1#1: signal 17 (SIGCHLD) received from 25
2025/05/21 12:11:00 [notice] 1#1: worker process 20 exited with code 0
2025/05/21 12:11:00 [notice] 1#1: worker process 25 exited with code 0
2025/05/21 12:11:00 [notice] 1#1: signal 29 (SIGIO) received
2025/05/21 12:11:00 [notice] 1#1: signal 17 (SIGCHLD) received from 27
2025/05/21 12:11:00 [notice] 1#1: worker process 24 exited with code 0
2025/05/21 12:11:00 [notice] 1#1: worker process 27 exited with code 0
2025/05/21 12:11:00 [notice] 1#1: exit
2025/05/21 12:11:03 [notice] 1#1: using the "epoll" event method
2025/05/21 12:11:03 [notice] 1#1: nginx/1.27.5
2025/05/21 12:11:03 [notice] 1#1: built by gcc 14.2.0 (Alpine 14.2.0) 
2025/05/21 12:11:03 [notice] 1#1: OS: Linux 5.15.167.4-microsoft-standard-WSL2
2025/05/21 12:11:03 [notice] 1#1: getrlimit(RLIMIT_NOFILE): 1048576:1048576
2025/05/21 12:11:03 [notice] 1#1: start worker processes
2025/05/21 12:11:03 [notice] 1#1: start worker process 20
2025/05/21 12:11:03 [notice] 1#1: start worker process 21
2025/05/21 12:11:03 [notice] 1#1: start worker process 22
2025/05/21 12:11:03 [notice] 1#1: start worker process 23
2025/05/21 12:11:03 [notice] 1#1: start worker process 24
2025/05/21 12:11:03 [notice] 1#1: start worker process 25
2025/05/21 12:11:03 [notice] 1#1: start worker process 26
2025/05/21 12:11:03 [notice] 1#1: start worker process 27
2025/05/21 12:35:10 [notice] 1#1: signal 3 (SIGQUIT) received, shutting down
2025/05/21 12:35:10 [notice] 20#20: gracefully shutting down
2025/05/21 12:35:10 [notice] 21#21: gracefully shutting down
2025/05/21 12:35:10 [notice] 20#20: exiting
2025/05/21 12:35:10 [notice] 21#21: exiting
2025/05/21 12:35:10 [notice] 22#22: gracefully shutting down
2025/05/21 12:35:10 [notice] 23#23: gracefully shutting down
2025/05/21 12:35:10 [notice] 22#22: exiting
2025/05/21 12:35:10 [notice] 24#24: gracefully shutting down
2025/05/21 12:35:10 [notice] 23#23: exiting
2025/05/21 12:35:10 [notice] 25#25: gracefully shutting down
2025/05/21 12:35:10 [notice] 24#24: exiting
2025/05/21 12:35:10 [notice] 25#25: exiting
2025/05/21 12:35:10 [notice] 20#20: exit
2025/05/21 12:35:10 [notice] 21#21: exit
2025/05/21 12:35:10 [notice] 22#22: exit
2025/05/21 12:35:10 [notice] 23#23: exit
2025/05/21 12:35:10 [notice] 24#24: exit
2025/05/21 12:35:10 [notice] 25#25: exit
2025/05/21 12:35:10 [notice] 27#27: gracefully shutting down
2025/05/21 12:35:10 [notice] 27#27: exiting
2025/05/21 12:35:10 [notice] 26#26: gracefully shutting down
2025/05/21 12:35:10 [notice] 26#26: exiting
2025/05/21 12:35:10 [notice] 27#27: exit
2025/05/21 12:35:10 [notice] 26#26: exit
2025/05/21 12:35:10 [notice] 1#1: signal 17 (SIGCHLD) received from 23
2025/05/21 12:35:10 [notice] 1#1: worker process 20 exited with code 0
2025/05/21 12:35:10 [notice] 1#1: worker process 22 exited with code 0
2025/05/21 12:35:10 [notice] 1#1: worker process 23 exited with code 0
2025/05/21 12:35:10 [notice] 1#1: worker process 26 exited with code 0
2025/05/21 12:35:10 [notice] 1#1: signal 29 (SIGIO) received
2025/05/21 12:35:10 [notice] 1#1: signal 17 (SIGCHLD) received from 24
2025/05/21 12:35:10 [notice] 1#1: worker process 21 exited with code 0
2025/05/21 12:35:10 [notice] 1#1: worker process 24 exited with code 0
2025/05/21 12:35:10 [notice] 1#1: worker process 27 exited with code 0
2025/05/21 12:35:10 [notice] 1#1: signal 29 (SIGIO) received
2025/05/21 12:35:10 [notice] 1#1: signal 17 (SIGCHLD) received from 25
2025/05/21 12:35:10 [notice] 1#1: worker process 25 exited with code 0
2025/05/21 12:35:10 [notice] 1#1: exit
2025/05/21 12:35:12 [notice] 1#1: using the "epoll" event method
2025/05/21 12:35:12 [notice] 1#1: nginx/1.27.5
2025/05/21 12:35:12 [notice] 1#1: built by gcc 14.2.0 (Alpine 14.2.0) 
2025/05/21 12:35:12 [notice] 1#1: OS: Linux 5.15.167.4-microsoft-standard-WSL2
2025/05/21 12:35:12 [notice] 1#1: getrlimit(RLIMIT_NOFILE): 1048576:1048576
2025/05/21 12:35:12 [notice] 1#1: start worker processes
2025/05/21 12:35:12 [notice] 1#1: start worker process 20
2025/05/21 12:35:12 [notice] 1#1: start worker process 21
2025/05/21 12:35:12 [notice] 1#1: start worker process 22
2025/05/21 12:35:12 [notice] 1#1: start worker process 23
2025/05/21 12:35:12 [notice] 1#1: start worker process 24
2025/05/21 12:35:12 [notice] 1#1: start worker process 25
2025/05/21 12:35:12 [notice] 1#1: start worker process 26
2025/05/21 12:35:12 [notice] 1#1: start worker process 27
